<?xml version="1.0" encoding="UTF-8"?>
<!-- Generated by org.testng.reporters.JUnitXMLReporter -->
<testsuite ignored="2" hostname="PI-27" failures="0" tests="0" time="0.001" errors="0" timestamp="2024-10-23T17:16:01 IST">
  <testcase classname="PI.admin.ErrorValidationTest" name="candidateErrorValidation" time="0.0">
    <ignored/>
  </testcase> <!-- candidateErrorValidation -->
  <testcase classname="PI.admin.ErrorValidationTest" name="SubmitOrder" time="0.0">
    <ignored/>
  </testcase> <!-- SubmitOrder -->
</testsuite>
